<component name="libraryTable">
  <library name="junit:junit:4.0" type="repository">
    <properties maven-id="junit:junit:4.0" />
    <CLASSES>
      <root url="jar://$MAVEN_REPOSITORY$/junit/junit/4.0/junit-4.0.jar!/" />
    </CLASSES>
    <JAVADOC>
      <root url="jar://$MAVEN_REPOSITORY$/junit/junit/4.0/junit-4.0-javadoc.jar!/" />
    </JAVADOC>
    <SOURCES>
      <root url="jar://$MAVEN_REPOSITORY$/junit/junit/4.0/junit-4.0.jar!/" />
    </SOURCES>
  </library>
</component>