<component name="libraryTable">
  <library name="junit-4.0">
    <CLASSES>
      <root url="jar://$PROJECT_DIR$/lib/junit-4.0.jar!/" />
    </CLASSES>
    <JAVADOC />
    <SOURCES />
    <excluded>
      <root url="jar://$PROJECT_DIR$/lib/junit-4.0.jar!/junit4.0" />
    </excluded>
  </library>
</component>